==============================
*** Open Babel Warning  in ReadMolecule
  Failed to kekulize aromatic bonds in MOL file (title is 8gcy)

   _______  _______ _________ _        _______ 
  (  ____ \(       )\__   __/( (    /|(  ___  )
  | (    \/| () () |   ) (   |  \  ( || (   ) |
  | (_____ | || || |   | |   |   \ | || (___) |
  (_____  )| |(_)| |   | |   | (\ \) ||  ___  |
        ) || |   | |   | |   | | \   || (   ) |
  /\____) || )   ( |___) (___| )  \  || )   ( |
  \_______)|/     \|\_______/|/    )_)|/     \|


smina is based off AutoDock Vina. Please cite appropriately.

Weights      Terms
-0.035579    gauss(o=0,_w=0.5,_c=8)
-0.005156    gauss(o=3,_w=2,_c=8)
0.840245     repulsion(o=0,_c=8)
-0.035069    hydrophobic(g=0.5,_b=1.5,_c=8)
-0.587439    non_dir_h_bond(g=-0.7,_b=0,_c=8)
1.923        num_tors_div

Using random seed: -891547908

0%   10   20   30   40   50   60   70   80   90   100%
|----|----|----|----|----|----|----|----|----|----|
***************************************************

mode |   affinity | dist from best mode
     | (kcal/mol) | rmsd l.b.| rmsd u.b.
-----+------------+----------+----------
1       -3.9       0.000      0.000    
2       -3.9       0.109      2.802    
3       -3.8       0.321      2.017    
4       -3.8       0.227      1.965    
5       -3.8       0.220      1.973    
6       -3.8       0.389      2.239    
7       -3.6       1.669      2.655    
8       -3.6       1.679      2.330    
9       -3.6       1.574      2.162    
Refine time 0.662
Loop time 0.761
